android/app/build/intermediates/manifest_merge_blame_file/debug/manifest-merger-blame-debug-report.txt
1<?xml version="1.0" encoding="utf-8"?>
2<manifest xmlns:android="http://schemas.android.com/apk/res/android"
3    package="com.petdrifts"
4    android:versionCode="1"
5    android:versionName="1.0" >
6
7    <uses-sdk
8        android:minSdkVersion="21"
9        android:targetSdkVersion="30" />
10
11    <uses-permission android:name="android.permission.SYSTEM_ALERT_WINDOW" />
11-->src\debug\AndroidManifest.xml:5:5-77
11-->src\debug\AndroidManifest.xml:5:22-75
12    <uses-permission android:name="android.permission.INTERNET" />
12-->src\main\AndroidManifest.xml:4:5-67
12-->src\main\AndroidManifest.xml:4:22-64
13    <uses-permission android:name="android.permission.CHANGE_WIFI_STATE" />
13-->src\main\AndroidManifest.xml:5:5-76
13-->src\main\AndroidManifest.xml:5:22-73
14    <uses-permission android:name="android.permission.ACCESS_NETWORK_STATE" />
14-->src\main\AndroidManifest.xml:6:5-79
14-->src\main\AndroidManifest.xml:6:22-76
15    <uses-permission android:name="android.permission.WRITE_SETTINGS" />
15-->src\main\AndroidManifest.xml:7:5-73
15-->src\main\AndroidManifest.xml:7:22-70
16    <uses-permission android:name="android.permission.ACCESS_WIFI_STATE" />
16-->src\main\AndroidManifest.xml:8:5-76
16-->src\main\AndroidManifest.xml:8:22-73
17    <uses-permission
17-->src\main\AndroidManifest.xml:9:5-94
18        android:name="android.permission.BLUETOOTH"
18-->src\main\AndroidManifest.xml:9:22-65
19        android:maxSdkVersion="30" />
19-->src\main\AndroidManifest.xml:9:66-92
20    <uses-permission
20-->src\main\AndroidManifest.xml:10:5-100
21        android:name="android.permission.BLUETOOTH_ADMIN"
21-->src\main\AndroidManifest.xml:10:22-71
22        android:maxSdkVersion="30" />
22-->src\main\AndroidManifest.xml:10:72-98
23    <uses-permission
23-->src\main\AndroidManifest.xml:11:5-107
24        android:name="android.permission.ACCESS_COARSE_LOCATION"
24-->src\main\AndroidManifest.xml:11:22-78
25        android:maxSdkVersion="30" />
25-->src\main\AndroidManifest.xml:11:79-105
26    <uses-permission
26-->src\main\AndroidManifest.xml:12:5-105
27        android:name="android.permission.ACCESS_FINE_LOCATION"
27-->src\main\AndroidManifest.xml:12:22-76
28        android:maxSdkVersion="30" />
28-->src\main\AndroidManifest.xml:12:77-103
29    <uses-permission android:name="android.permission.ACCESS_BACKGROUND_LOCATION" />
29-->src\main\AndroidManifest.xml:13:5-85
29-->src\main\AndroidManifest.xml:13:22-82
30    <uses-permission android:name="android.permission.BLUETOOTH_CONNECT" />
30-->src\main\AndroidManifest.xml:14:5-76
30-->src\main\AndroidManifest.xml:14:22-73
31    <uses-permission android:name="android.permission.BLUETOOTH_SCAN" />
31-->src\main\AndroidManifest.xml:15:5-73
31-->src\main\AndroidManifest.xml:15:22-70
32    <uses-permission android:name="android.permission.BLUETOOTH_ADVERTISE" />
32-->src\main\AndroidManifest.xml:16:5-78
32-->src\main\AndroidManifest.xml:16:22-75
33    <uses-permission android:name="android.permission.ACCESS_NETWORK_STATE" />
33-->src\main\AndroidManifest.xml:6:5-79
33-->src\main\AndroidManifest.xml:6:22-76
34
35    <uses-feature
35-->src\main\AndroidManifest.xml:19:5-86
36        android:name="android.hardware.bluetooth"
36-->src\main\AndroidManifest.xml:19:19-60
37        android:required="true" />
37-->src\main\AndroidManifest.xml:19:61-84
38    <uses-feature
38-->src\main\AndroidManifest.xml:20:5-89
39        android:name="android.hardware.bluetooth_le"
39-->src\main\AndroidManifest.xml:20:19-63
40        android:required="true" />
40-->src\main\AndroidManifest.xml:20:64-87
41
42    <uses-permission android:name="android.permission.USE_BIOMETRIC" />
42-->[:react-native-keychain] AndroidManifest.xml:9:5-72
42-->[:react-native-keychain] AndroidManifest.xml:9:22-69
43    <uses-permission android:name="android.permission.USE_FINGERPRINT" />
43-->[:react-native-keychain] AndroidManifest.xml:10:5-74
43-->[:react-native-keychain] AndroidManifest.xml:10:22-71
44    <uses-permission android:name="android.permission.CHANGE_NETWORK_STATE" />
44-->[:react-native-wifi-reborn] AndroidManifest.xml:12:5-79
44-->[:react-native-wifi-reborn] AndroidManifest.xml:12:22-76
45
46    <uses-permission-sdk-23 android:name="android.permission.ACCESS_COARSE_LOCATION" />
46-->[com.github.Polidea:MultiPlatformBleAdapter:b0272c0fae040cc90f790481c54e8f2d45304339] AndroidManifest.xml:14:5-88
46-->[com.github.Polidea:MultiPlatformBleAdapter:b0272c0fae040cc90f790481c54e8f2d45304339] AndroidManifest.xml:14:29-85
47    <uses-permission-sdk-23 android:name="android.permission.ACCESS_FINE_LOCATION" />
47-->[com.polidea.rxandroidble:rxandroidble:1.7.1] AndroidManifest.xml:15:5-86
47-->[com.polidea.rxandroidble:rxandroidble:1.7.1] AndroidManifest.xml:15:29-83
48
49    <application
49-->src\main\AndroidManifest.xml:28:5-53:19
50        android:name="com.petdrifts.MainApplication"
50-->src\main\AndroidManifest.xml:29:7-38
51        android:allowBackup="false"
51-->src\main\AndroidManifest.xml:33:7-34
52        android:appComponentFactory="androidx.core.app.CoreComponentFactory"
52-->[androidx.core:core:1.6.0] AndroidManifest.xml:24:18-86
53        android:debuggable="true"
54        android:icon="@mipmap/ic_launcher"
54-->src\main\AndroidManifest.xml:31:7-41
55        android:label="@string/app_name"
55-->src\main\AndroidManifest.xml:30:7-39
56        android:roundIcon="@mipmap/ic_launcher_round"
56-->src\main\AndroidManifest.xml:32:7-52
57        android:theme="@style/AppTheme"
57-->src\main\AndroidManifest.xml:34:7-38
58        android:usesCleartextTraffic="true" >
58-->src\debug\AndroidManifest.xml:8:9-44
59        <activity
59-->src\debug\AndroidManifest.xml:11:9-111
60            android:name="com.facebook.react.devsupport.DevSettingsActivity"
60-->src\debug\AndroidManifest.xml:11:19-83
61            android:exported="false" />
61-->src\debug\AndroidManifest.xml:11:84-108
62        <activity
62-->src\main\AndroidManifest.xml:35:7-43:18
63            android:name="com.petdrifts.SplashActivity"
63-->src\main\AndroidManifest.xml:36:9-39
64            android:label="@string/app_name"
64-->src\main\AndroidManifest.xml:38:9-41
65            android:theme="@style/SplashTheme" >
65-->src\main\AndroidManifest.xml:37:9-43
66            <intent-filter>
66-->src\main\AndroidManifest.xml:39:9-42:25
67                <action android:name="android.intent.action.MAIN" />
67-->src\main\AndroidManifest.xml:40:11-63
67-->src\main\AndroidManifest.xml:40:19-60
68
69                <category android:name="android.intent.category.LAUNCHER" />
69-->src\main\AndroidManifest.xml:41:11-71
69-->src\main\AndroidManifest.xml:41:21-68
70            </intent-filter>
71        </activity>
72        <activity
72-->src\main\AndroidManifest.xml:45:7-52:18
73            android:name="com.petdrifts.MainActivity"
73-->src\main\AndroidManifest.xml:46:9-37
74            android:configChanges="keyboard|keyboardHidden|orientation|screenSize|uiMode"
74-->src\main\AndroidManifest.xml:48:9-86
75            android:exported="true"
75-->src\main\AndroidManifest.xml:51:9-32
76            android:label="@string/app_name"
76-->src\main\AndroidManifest.xml:47:9-41
77            android:launchMode="singleTask"
77-->src\main\AndroidManifest.xml:49:9-40
78            android:windowSoftInputMode="adjustPan" >
78-->src\main\AndroidManifest.xml:50:9-48
79        </activity>
80    </application>
81
82</manifest>